<?xml version="1.0" encoding="UTF-8"?>
<testsuite xmlns:xsi="http://www.w3.org/2001/XMLSchema-instance" xsi:noNamespaceSchemaLocation="https://maven.apache.org/surefire/maven-surefire-plugin/xsd/surefire-test-report.xsd" version="3.0.2" name="com.example.ApiGateway.SpringBootServiceIntegrationTest" time="0.035" tests="3" errors="0" skipped="0" failures="0" flakes="0">
  <properties>
[...]
</properties>
  <testcase name="testUpdateRoute" classname="com.example.ApiGateway.SpringBootServiceIntegrationTest" time="0.018"/>
  <testcase name="testFindByPath" classname="com.example.ApiGateway.SpringBootServiceIntegrationTest" time="0.003"/>
  <testcase name="testSaveAndFindRoute" classname="com.example.ApiGateway.SpringBootServiceIntegrationTest" time="0.0"/>
</testsuite>